<?xml version="1.0" encoding="UTF-8"?>
<!-- Generated by org.testng.reporters.JUnitXMLReporter -->
<testsuite ignored="2" hostname="DESKTOP-I12RG3K" failures="0" tests="2" name="Test_01" time="52.652" errors="0" timestamp="16 Sep 2021 10:44:29 GMT">
  <testcase classname="com.qa.testscripts.TC_ASSIGNLEAVE_001" name="assignleave" time="18.433"/>
  <testcase classname="com.qa.testscripts.TC_LEAVELIST_002" name="leavelist" time="4.379"/>
  <testcase classname="com.qa.testpages.TestBase" name="@BeforeTest Setup" time="0.0">
    <ignored/>
  </testcase> <!-- @BeforeTest Setup -->
  <testcase classname="com.qa.testpages.TestBase" name="@AfterTest TearDown" time="0.0">
    <ignored/>
  </testcase> <!-- @AfterTest TearDown -->
</testsuite> <!-- Test_01 -->
