<?xml version="1.0" encoding="UTF-8"?>
<testng-results ignored="2" total="4" passed="2" failed="0" skipped="0">
  <reporter-output>
  </reporter-output>
  <suite started-at="2021-09-21T15:20:02Z" name="Suite" finished-at="2021-09-21T15:20:37Z" duration-ms="35212">
    <groups>
    </groups>
    <test started-at="2021-09-21T15:20:02Z" name="Test_01" finished-at="2021-09-21T15:20:37Z" duration-ms="35212">
      <class name="com.qa.testscripts.TC_ASSIGNLEAVE_001">
        <test-method is-config="true" signature="Setup(java.lang.String, java.lang.String, java.lang.String, java.lang.String, java.lang.String)[pri:0, instance:com.qa.testscripts.TC_ASSIGNLEAVE_001@7c9d8e2]" started-at="2021-09-21T15:20:02Z" name="Setup" finished-at="2021-09-21T15:20:16Z" duration-ms="14064" status="PASS">
          <params>
            <param index="0">
              <value>
                <![CDATA[https://opensource-demo.orangehrmlive.com/]]>
              </value>
            </param>
            <param index="1">
              <value>
                <![CDATA[C:\\Users\\tharu\\Downloads\\chromedriver_win32\\chromedriver.exe]]>
              </value>
            </param>
            <param index="2">
              <value>
                <![CDATA[Chrome]]>
              </value>
            </param>
            <param index="3">
              <value>
                <![CDATA[Admin]]>
              </value>
            </param>
            <param index="4">
              <value>
                <![CDATA[admin123]]>
              </value>
            </param>
          </params>
          <reporter-output>
          </reporter-output>
        </test-method> <!-- Setup -->
        <test-method signature="assignleave([Ljava.lang.String;)[pri:0, instance:com.qa.testscripts.TC_ASSIGNLEAVE_001@7c9d8e2]" started-at="2021-09-21T15:20:19Z" name="assignleave" data-provider="LoginData" finished-at="2021-09-21T15:20:32Z" duration-ms="12473" status="PASS">
          <params>
            <param index="0">
              <value>
                <![CDATA[[Ljava.lang.String;@7c2efbea]]>
              </value>
            </param>
          </params>
          <reporter-output>
          </reporter-output>
        </test-method> <!-- assignleave -->
        <test-method is-config="true" signature="TearDown()[pri:0, instance:com.qa.testscripts.TC_ASSIGNLEAVE_001@7c9d8e2]" started-at="2021-09-21T15:20:37Z" name="TearDown" finished-at="2021-09-21T15:20:37Z" duration-ms="0" status="PASS">
          <reporter-output>
          </reporter-output>
        </test-method> <!-- TearDown -->
      </class> <!-- com.qa.testscripts.TC_ASSIGNLEAVE_001 -->
      <class name="com.qa.testscripts.TC_LEAVELIST_002">
        <test-method signature="leavelist([Ljava.lang.String;)[pri:0, instance:com.qa.testscripts.TC_LEAVELIST_002@20d525]" started-at="2021-09-21T15:20:32Z" name="leavelist" data-provider="Sheet2" finished-at="2021-09-21T15:20:37Z" duration-ms="4665" status="PASS">
          <params>
            <param index="0">
              <value>
                <![CDATA[[Ljava.lang.String;@73d66a31]]>
              </value>
            </param>
          </params>
          <reporter-output>
          </reporter-output>
        </test-method> <!-- leavelist -->
      </class> <!-- com.qa.testscripts.TC_LEAVELIST_002 -->
    </test> <!-- Test_01 -->
  </suite> <!-- Suite -->
</testng-results>
